#
# A fatal error has been detected by the Java Runtime Environment:
#
#  EXCEPTION_ACCESS_VIOLATION (0xc0000005) at pc=0x000000005fee8d1b, pid=8676, tid=4372
#
# JRE version: Java(TM) SE Runtime Environment (7.0_79-b15) (build 1.7.0_79-b15)
# Java VM: Java HotSpot(TM) 64-Bit Server VM (24.79-b02 mixed mode windows-amd64 compressed oops)
# Problematic frame:
# V  [jvm.dll+0x138d1b]
#
# Failed to write core dump. Minidumps are not enabled by default on client versions of Windows
#
# If you would like to submit a bug report, please visit:
#   http://bugreport.java.com/bugreport/crash.jsp
#

---------------  T H R E A D  ---------------

Current thread (0x000000001117b800):  JavaThread "JavaFX-Launcher" [_thread_in_vm, id=4372, stack(0x0000000011560000,0x0000000011660000)]

siginfo: ExceptionCode=0xc0000005, reading address 0x0000000000000000

Registers:
RAX=0x0000000000000000, RBX=0x000000001117b800, RCX=0x0000000000000b80, RDX=0x0000000011176118
RSP=0x000000001165ea90, RBP=0x000000001165eb78, RSI=0x0000000000000000, RDI=0x000000001117b9e8
R8 =0x0000000000000000, R9 =0x000000001165eb78, R10=0x00000007ab246500, R11=0x000000001165eb40
R12=0x0000000000000000, R13=0x00000006fc7ecb28, R14=0x000000001165ec40, R15=0x000000001117b800
RIP=0x000000005fee8d1b, EFLAGS=0x0000000000010246

Top of Stack: (sp=0x000000001165ea90)
0x000000001165ea90:   0000000000000001 000000000f7f1250
0x000000001165eaa0:   000000001117b9e8 0000000000000001
0x000000001165eab0:   000000001117b800 000000005fca90b8
0x000000001165eac0:   0000000011279ce0 000000005fed0a0a
0x000000001165ead0:   000000001117b800 0000000000000000
0x000000001165eae0:   000000000f7f1240 000000001165ec40
0x000000001165eaf0:   0000000000000000 0000000000000001
0x000000001165eb00:   000044c05ef7f9dc 0000000000000000
0x000000001165eb10:   00000006fc7ecb28 000000001117b9e8
0x000000001165eb20:   0000000011176110 000000005fc9634c
0x000000001165eb30:   000000001117b9e8 000000001165ec28
0x000000001165eb40:   0000000011176118 000000001117b800
0x000000001165eb50:   0000000011176110 000000005fc9d309
0x000000001165eb60:   000000001117b9e8 000000001165ec28
0x000000001165eb70:   0000000000000000 0000000011176110
0x000000001165eb80:   000000001165ec38 000000005fc89e46 

Instructions: (pc=0x000000005fee8d1b)
0x000000005fee8cfb:   00 48 83 7b 08 00 48 89 5c 24 40 48 c7 44 24 48
0x000000005fee8d0b:   00 00 00 00 74 0a 48 8d 4c 24 40 e8 d5 71 0f 00
0x000000005fee8d1b:   48 8b 06 c7 44 24 30 0e 00 00 00 48 8b 48 10 0f
0x000000005fee8d2b:   b7 51 3a 48 8b 49 20 e8 19 e3 ed ff 48 8d 4c 24 


Register to memory mapping:

RAX=0x0000000000000000 is an unknown value
RBX=0x000000001117b800 is a thread
RCX=0x0000000000000b80 is an unknown value
RDX=0x0000000011176118 is an unknown value
RSP=0x000000001165ea90 is pointing into the stack for thread: 0x000000001117b800
RBP=0x000000001165eb78 is pointing into the stack for thread: 0x000000001117b800
RSI=0x0000000000000000 is an unknown value
RDI=0x000000001117b9e8 is an unknown value
R8 =0x0000000000000000 is an unknown value
R9 =0x000000001165eb78 is pointing into the stack for thread: 0x000000001117b800
R10=0x00000007ab246500 is an oop
sun.misc.Launcher$AppClassLoader 
 - klass: 'sun/misc/Launcher$AppClassLoader'
R11=0x000000001165eb40 is pointing into the stack for thread: 0x000000001117b800
R12=0x0000000000000000 is an unknown value
R13=0x00000006fc7ecb28 is an oop
{method} 
 - klass: {other class}
R14=0x000000001165ec40 is pointing into the stack for thread: 0x000000001117b800
R15=0x000000001117b800 is a thread


Stack: [0x0000000011560000,0x0000000011660000],  sp=0x000000001165ea90,  free space=1018k
Native frames: (J=compiled Java code, j=interpreted, Vv=VM code, C=native code)
V  [jvm.dll+0x138d1b]

Java frames: (J=compiled Java code, j=interpreted, Vv=VM code)
j  com.sun.glass.ui.win.WinApplication.initIDs()V+0
j  com.sun.glass.ui.win.WinApplication.<clinit>()V+11
v  ~StubRoutines::call_stub
j  com.sun.glass.ui.win.WinPlatformFactory.createApplication()Lcom/sun/glass/ui/win/WinApplication;+0
j  com.sun.glass.ui.win.WinPlatformFactory.createApplication()Lcom/sun/glass/ui/Application;+1
j  com.sun.glass.ui.Application.Run([Ljava/lang/String;Lcom/sun/glass/ui/Launchable;)V+6
j  com.sun.javafx.tk.quantum.QuantumToolkit.startup(Ljava/lang/Runnable;)V+17
j  com.sun.javafx.application.PlatformImpl.startup(Ljava/lang/Runnable;)V+81
j  com.sun.javafx.application.LauncherImpl.launchApplication1(Ljava/lang/Class;Ljava/lang/Class;[Ljava/lang/String;)V+26
j  com.sun.javafx.application.LauncherImpl.access$000(Ljava/lang/Class;Ljava/lang/Class;[Ljava/lang/String;)V+3
j  com.sun.javafx.application.LauncherImpl$1.run()V+12
j  java.lang.Thread.run()V+11
v  ~StubRoutines::call_stub

---------------  P R O C E S S  ---------------

Java Threads: ( => current thread )
  0x0000000011427800 JavaThread "Disposer" daemon [_thread_blocked, id=4508, stack(0x0000000011b80000,0x0000000011c80000)]
  0x000000001129c000 JavaThread "QuantumRenderer-0" daemon [_thread_blocked, id=1996, stack(0x0000000011660000,0x0000000011760000)]
=>0x000000001117b800 JavaThread "JavaFX-Launcher" [_thread_in_vm, id=4372, stack(0x0000000011560000,0x0000000011660000)]
  0x000000000f7f9000 JavaThread "Service Thread" daemon [_thread_blocked, id=6296, stack(0x0000000010f60000,0x0000000011060000)]
  0x000000000f7ee800 JavaThread "C2 CompilerThread1" daemon [_thread_blocked, id=3736, stack(0x0000000010e60000,0x0000000010f60000)]
  0x000000000f7ed000 JavaThread "C2 CompilerThread0" daemon [_thread_blocked, id=7932, stack(0x0000000010d60000,0x0000000010e60000)]
  0x000000000f7ec000 JavaThread "Attach Listener" daemon [_thread_blocked, id=2152, stack(0x0000000010c60000,0x0000000010d60000)]
  0x000000000f7e8800 JavaThread "Signal Dispatcher" daemon [_thread_blocked, id=10200, stack(0x0000000010b60000,0x0000000010c60000)]
  0x000000000f7af000 JavaThread "Finalizer" daemon [_thread_blocked, id=3312, stack(0x0000000010a60000,0x0000000010b60000)]
  0x000000000f7a6000 JavaThread "Reference Handler" daemon [_thread_blocked, id=8100, stack(0x0000000010960000,0x0000000010a60000)]
  0x0000000002990800 JavaThread "main" [_thread_blocked, id=4276, stack(0x0000000002890000,0x0000000002990000)]

Other Threads:
  0x000000000f7a2000 VMThread [stack: 0x0000000010860000,0x0000000010960000] [id=3184]
  0x000000000f803800 WatcherThread [stack: 0x0000000011060000,0x0000000011160000] [id=9572]

VM state:not at safepoint (normal execution)

VM Mutex/Monitor currently owned by a thread: None

Heap
 PSYoungGen      total 76288K, used 6553K [0x00000007ab200000, 0x00000007b0700000, 0x0000000800000000)
  eden space 65536K, 10% used [0x00000007ab200000,0x00000007ab866798,0x00000007af200000)
  from space 10752K, 0% used [0x00000007afc80000,0x00000007afc80000,0x00000007b0700000)
  to   space 10752K, 0% used [0x00000007af200000,0x00000007af200000,0x00000007afc80000)
 ParOldGen       total 173568K, used 0K [0x0000000701600000, 0x000000070bf80000, 0x00000007ab200000)
  object space 173568K, 0% used [0x0000000701600000,0x0000000701600000,0x000000070bf80000)
 PSPermGen       total 21504K, used 4177K [0x00000006fc400000, 0x00000006fd900000, 0x0000000701600000)
  object space 21504K, 19% used [0x00000006fc400000,0x00000006fc814670,0x00000006fd900000)

Card table byte_map: [0x0000000005a90000,0x00000000062b0000] byte_map_base: 0x00000000022ae000

Polling page: 0x0000000000ea0000

Code Cache  [0x0000000002a90000, 0x0000000002d00000, 0x0000000005a90000)
 total_blobs=232 nmethods=12 adapters=173 free_code_cache=48727Kb largest_free_block=49878528

Compilation events (10 events):
Event: 0.139 Thread 0x000000000f7ed000    7             java.lang.String::startsWith (72 bytes)
Event: 0.142 Thread 0x000000000f7ed000 nmethod 7 0x0000000002af2910 code [0x0000000002af2a60, 0x0000000002af2c58]
Event: 0.157 Thread 0x000000000f7ee800    8             sun.net.www.ParseUtil::encodePath (336 bytes)
Event: 0.162 Thread 0x000000000f7ed000    9             sun.nio.cs.UTF_8$Encoder::encode (361 bytes)
Event: 0.168 Thread 0x000000000f7ed000 nmethod 9 0x0000000002af9c90 code [0x0000000002af9de0, 0x0000000002afa2c8]
Event: 0.174 Thread 0x000000000f7ee800 nmethod 8 0x0000000002afcd50 code [0x0000000002afcf80, 0x0000000002afdfd8]
Event: 0.174 Thread 0x000000000f7ed000   10             java.io.Win32FileSystem::normalize (143 bytes)
Event: 0.178 Thread 0x000000000f7ed000 nmethod 10 0x0000000002afb150 code [0x0000000002afb2c0, 0x0000000002afb5f0]
Event: 0.184 Thread 0x000000000f7ee800   11             java.lang.Object::<init> (1 bytes)
Event: 0.185 Thread 0x000000000f7ee800 nmethod 11 0x0000000002afaf10 code [0x0000000002afb040, 0x0000000002afb0d8]

GC Heap History (0 events):
No events

Deoptimization events (0 events):
No events

Internal exceptions (10 events):
Event: 0.196 Thread 0x000000001117b800 Threw 0x00000007ab6957b8 at C:\re\jdk7u79\2331\hotspot\src\share\vm\prims\jvm.cpp:1304
Event: 0.196 Thread 0x000000001117b800 Threw 0x00000007ab699a00 at C:\re\jdk7u79\2331\hotspot\src\share\vm\prims\jvm.cpp:1304
Event: 0.197 Thread 0x000000001117b800 Threw 0x00000007ab69c678 at C:\re\jdk7u79\2331\hotspot\src\share\vm\prims\jvm.cpp:1304
Event: 0.197 Thread 0x000000001117b800 Threw 0x00000007ab69f6e0 at C:\re\jdk7u79\2331\hotspot\src\share\vm\prims\jvm.cpp:1304
Event: 0.197 Thread 0x000000001117b800 Threw 0x00000007ab6a2208 at C:\re\jdk7u79\2331\hotspot\src\share\vm\prims\jvm.cpp:1304
Event: 0.198 Thread 0x000000001117b800 Threw 0x00000007ab6a4c88 at C:\re\jdk7u79\2331\hotspot\src\share\vm\prims\jvm.cpp:1304
Event: 0.198 Thread 0x000000001117b800 Threw 0x00000007ab6a72c0 at C:\re\jdk7u79\2331\hotspot\src\share\vm\prims\jvm.cpp:1304
Event: 0.199 Thread 0x000000001117b800 Threw 0x00000007ab6a99c0 at C:\re\jdk7u79\2331\hotspot\src\share\vm\prims\jvm.cpp:1304
Event: 0.199 Thread 0x000000001117b800 Threw 0x00000007ab6ae1d8 at C:\re\jdk7u79\2331\hotspot\src\share\vm\prims\jvm.cpp:1304
Event: 0.203 Thread 0x000000001117b800 Threw 0x00000007ab6b6df8 at C:\re\jdk7u79\2331\hotspot\src\share\vm\prims\jni.cpp:1598

Events (10 events):
Event: 0.197 loading class 0x000000001127a040
Event: 0.197 loading class 0x000000001127a040 done
Event: 0.198 loading class 0x00000000113d1940
Event: 0.198 loading class 0x00000000113d1940 done
Event: 0.198 loading class 0x00000000112d7d90
Event: 0.198 loading class 0x00000000112d7d90 done
Event: 0.199 loading class 0x0000000011425cf0
Event: 0.199 loading class 0x0000000011425cf0 done
Event: 0.199 loading class 0x00000000112d7e50
Event: 0.199 loading class 0x00000000112d7e50 done


Dynamic libraries:
0x00007ff756620000 - 0x00007ff756653000 	C:\Program Files\Java\jdk1.7.0_79\bin\javaw.exe
0x00007ffbd26d0000 - 0x00007ffbd2891000 	C:\WINDOWS\SYSTEM32\ntdll.dll
0x00007ffbd25e0000 - 0x00007ffbd268d000 	C:\WINDOWS\system32\KERNEL32.DLL
0x00007ffbcfbc0000 - 0x00007ffbcfd9d000 	C:\WINDOWS\system32\KERNELBASE.dll
0x00007ffbd23e0000 - 0x00007ffbd2486000 	C:\WINDOWS\system32\ADVAPI32.dll
0x00007ffbd2290000 - 0x00007ffbd232d000 	C:\WINDOWS\system32\msvcrt.dll
0x00007ffbcffc0000 - 0x00007ffbd001b000 	C:\WINDOWS\system32\sechost.dll
0x00007ffbd0050000 - 0x00007ffbd0176000 	C:\WINDOWS\system32\RPCRT4.dll
0x00007ffbd2060000 - 0x00007ffbd21ae000 	C:\WINDOWS\system32\USER32.dll
0x00007ffbd1ed0000 - 0x00007ffbd2056000 	C:\WINDOWS\system32\GDI32.dll
0x00007ffbc7fc0000 - 0x00007ffbc8234000 	C:\WINDOWS\WinSxS\amd64_microsoft.windows.common-controls_6595b64144ccf1df_6.0.10240.16384_none_f41f7b285750ef43\COMCTL32.dll
0x00007ffbd2690000 - 0x00007ffbd26c6000 	C:\WINDOWS\system32\IMM32.DLL
0x00007ffbcfe60000 - 0x00007ffbcffbc000 	C:\WINDOWS\system32\MSCTF.dll
0x0000000060590000 - 0x0000000060662000 	C:\Program Files\Java\jdk1.7.0_79\jre\bin\msvcr100.dll
0x000000005fdb0000 - 0x0000000060585000 	C:\Program Files\Java\jdk1.7.0_79\jre\bin\server\jvm.dll
0x00007ffbd0040000 - 0x00007ffbd0048000 	C:\WINDOWS\system32\PSAPI.DLL
0x00007ffbcc610000 - 0x00007ffbcc619000 	C:\WINDOWS\SYSTEM32\WSOCK32.dll
0x00007ffbcd720000 - 0x00007ffbcd743000 	C:\WINDOWS\SYSTEM32\WINMM.dll
0x00007ffbd1870000 - 0x00007ffbd18d9000 	C:\WINDOWS\system32\WS2_32.dll
0x00007ffbd1860000 - 0x00007ffbd1868000 	C:\WINDOWS\system32\NSI.dll
0x00007ffbcd6f0000 - 0x00007ffbcd71c000 	C:\WINDOWS\SYSTEM32\WINMMBASE.dll
0x00007ffbcf880000 - 0x00007ffbcf8c4000 	C:\WINDOWS\system32\cfgmgr32.dll
0x00007ffbcda70000 - 0x00007ffbcda97000 	C:\WINDOWS\SYSTEM32\DEVOBJ.dll
0x00000000607f0000 - 0x00000000607ff000 	C:\Program Files\Java\jdk1.7.0_79\jre\bin\verify.dll
0x00000000607c0000 - 0x00000000607e8000 	C:\Program Files\Java\jdk1.7.0_79\jre\bin\java.dll
0x00000000607a0000 - 0x00000000607b5000 	C:\Program Files\Java\jdk1.7.0_79\jre\bin\zip.dll
0x000000005fcd0000 - 0x000000005fda2000 	C:\Program Files\Java\jdk1.7.0_79\bin\msvcr100.dll
0x0000000060790000 - 0x000000006079f000 	C:\Program Files\Java\jdk1.7.0_79\jre\bin\prism-d3d.dll
0x00007ffb9cc30000 - 0x00007ffb9ce40000 	C:\WINDOWS\system32\d3d9.dll
0x00007ffbcccf0000 - 0x00007ffbccd12000 	C:\WINDOWS\SYSTEM32\dwmapi.dll
0x00007ffbd1940000 - 0x00007ffbd1bbc000 	C:\WINDOWS\system32\combase.dll
0x00007ffbcd9d0000 - 0x00007ffbcda66000 	C:\WINDOWS\system32\uxtheme.dll
0x00007ffb956e0000 - 0x00007ffb979c3000 	C:\WINDOWS\SYSTEM32\igdumdim64.dll
0x00007ffbd1bc0000 - 0x00007ffbd1d85000 	C:\WINDOWS\system32\SETUPAPI.dll
0x00007ffbcfda0000 - 0x00007ffbcfe5e000 	C:\WINDOWS\system32\OLEAUT32.dll
0x00007ffbd2490000 - 0x00007ffbd25d1000 	C:\WINDOWS\system32\ole32.dll
0x000000005fc80000 - 0x000000005fcc1000 	C:\Program Files\Java\jre1.8.0_51\bin\glass.dll
0x00007ffbd1d90000 - 0x00007ffbd1e67000 	C:\WINDOWS\system32\COMDLG32.dll
0x00007ffbcf8d0000 - 0x00007ffbcf983000 	C:\WINDOWS\system32\shcore.dll
0x00007ffbd18e0000 - 0x00007ffbd1931000 	C:\WINDOWS\system32\SHLWAPI.dll
0x00007ffbd0180000 - 0x00007ffbd16a2000 	C:\WINDOWS\system32\SHELL32.dll
0x00007ffbcf1a0000 - 0x00007ffbcf7c8000 	C:\WINDOWS\system32\windows.storage.dll
0x00007ffbcf190000 - 0x00007ffbcf19f000 	C:\WINDOWS\system32\kernel.appcore.dll
0x00007ffbcf120000 - 0x00007ffbcf16a000 	C:\WINDOWS\system32\powrprof.dll
0x00007ffbcf100000 - 0x00007ffbcf113000 	C:\WINDOWS\system32\profapi.dll
0x00007ffbc10d0000 - 0x00007ffbc125a000 	C:\WINDOWS\SYSTEM32\dbghelp.dll

VM Arguments:
jvm_args: -Dfile.encoding=Cp1252 
java_command: main.Igps_guiSimulator
Launcher Type: SUN_STANDARD

Environment Variables:
JAVA_HOME=C:\Program Files\Java\jdk1.7.0_79\
PATH=C:/Program Files/Java/jre1.8.0_51/bin/server;C:/Program Files/Java/jre1.8.0_51/bin;C:/Program Files/Java/jre1.8.0_51/lib/amd64;C:\ProgramData\Oracle\Java\javapath;C:\Program Files (x86)\Intel\iCLS Client\;C:\Program Files\Intel\iCLS Client\;C:\WINDOWS\system32;C:\WINDOWS;C:\WINDOWS\System32\Wbem;C:\WINDOWS\System32\WindowsPowerShell\v1.0\;C:\Program Files\Intel\Intel(R) Management Engine Components\DAL;C:\Program Files (x86)\Intel\Intel(R) Management Engine Components\DAL;C:\Program Files\Intel\Intel(R) Management Engine Components\IPT;C:\Program Files (x86)\Intel\Intel(R) Management Engine Components\IPT;c:\Program Files (x86)\ATI Technologies\ATI.ACE\Core-Static;C:\Program Files\Intel\WiFi\bin\;C:\Program Files\Common Files\Intel\WirelessCommon\;C:\Program Files (x86)\Skype\Phone\;C:\Program Files\Java\jdk1.7.0_79\bin;4.94066E-324RADLE_HOME\bin;C:\Program Files (x86)\MySQL\MySQL Fabric 1.5 & MySQL Utilities 1.5\;C:\Program Files (x86)\MySQL\MySQL Fabric 1.5 & MySQL Utilities 1.5\Doctrine extensions for PHP\;D:\Software\extracted\eclipse-Mars;
USERNAME=sameer
OS=Windows_NT
PROCESSOR_IDENTIFIER=Intel64 Family 6 Model 61 Stepping 4, GenuineIntel



---------------  S Y S T E M  ---------------

OS: Windows 8.1 , 64 bit Build 9600 

CPU:total 4 (2 cores per cpu, 2 threads per core) family 6 model 61 stepping 4, cmov, cx8, fxsr, mmx, sse, sse2, sse3, ssse3, sse4.1, sse4.2, popcnt, avx, avx2, aes, erms, ht, tsc, tscinvbit

Memory: 4k page, physical 16686780k(10837108k free), swap 19177148k(11519948k free)

vm_info: Java HotSpot(TM) 64-Bit Server VM (24.79-b02) for windows-amd64 JRE (1.7.0_79-b15), built on Apr 10 2015 12:36:16 by "java_re" with unknown MS VC++:1600

time: Fri Jan 01 20:12:31 2016
elapsed time: 0 seconds

