#
# A fatal error has been detected by the Java Runtime Environment:
#
#  EXCEPTION_ACCESS_VIOLATION (0xc0000005) at pc=0x000000005fee8d1b, pid=8100, tid=10044
#
# JRE version: Java(TM) SE Runtime Environment (7.0_79-b15) (build 1.7.0_79-b15)
# Java VM: Java HotSpot(TM) 64-Bit Server VM (24.79-b02 mixed mode windows-amd64 compressed oops)
# Problematic frame:
# V  [jvm.dll+0x138d1b]
#
# Failed to write core dump. Minidumps are not enabled by default on client versions of Windows
#
# If you would like to submit a bug report, please visit:
#   http://bugreport.java.com/bugreport/crash.jsp
#

---------------  T H R E A D  ---------------

Current thread (0x0000000010f05000):  JavaThread "JavaFX-Launcher" [_thread_in_vm, id=10044, stack(0x00000000112f0000,0x00000000113f0000)]

siginfo: ExceptionCode=0xc0000005, reading address 0x0000000000000000

Registers:
RAX=0x0000000000000000, RBX=0x0000000010f05000, RCX=0x0000000000000500, RDX=0x0000000010f7e0f8
RSP=0x00000000113eeb70, RBP=0x00000000113eec58, RSI=0x0000000000000000, RDI=0x0000000010f051e8
R8 =0x0000000000000000, R9 =0x00000000113eec58, R10=0x00000007ab246500, R11=0x00000000113eec20
R12=0x0000000000000000, R13=0x00000006fc7ee818, R14=0x00000000113eed20, R15=0x0000000010f05000
RIP=0x000000005fee8d1b, EFLAGS=0x0000000000010246

Top of Stack: (sp=0x00000000113eeb70)
0x00000000113eeb70:   0000000000000001 000000000f5895d0
0x00000000113eeb80:   0000000010f051e8 0000000000000001
0x00000000113eeb90:   0000000010f05000 000000005fca90b8
0x00000000113eeba0:   0000000011008ef0 000000005fed0a0a
0x00000000113eebb0:   0000000010f05000 0000000000000000
0x00000000113eebc0:   000000000f5895c0 00000000113eed20
0x00000000113eebd0:   0000000000000000 0000000000000001
0x00000000113eebe0:   000044c000d8eec0 0000000000000000
0x00000000113eebf0:   00000006fc7ee818 0000000010f051e8
0x00000000113eec00:   0000000010f7e0f0 000000005fc9634c
0x00000000113eec10:   0000000010f051e8 00000000113eed08
0x00000000113eec20:   0000000010f7e0f8 0000000010f05000
0x00000000113eec30:   0000000010f7e0f0 000000005fc9d309
0x00000000113eec40:   0000000010f051e8 00000000113eed08
0x00000000113eec50:   0000000000000000 0000000010f7e0f0
0x00000000113eec60:   00000000113eed18 000000005fc89e46 

Instructions: (pc=0x000000005fee8d1b)
0x000000005fee8cfb:   00 48 83 7b 08 00 48 89 5c 24 40 48 c7 44 24 48
0x000000005fee8d0b:   00 00 00 00 74 0a 48 8d 4c 24 40 e8 d5 71 0f 00
0x000000005fee8d1b:   48 8b 06 c7 44 24 30 0e 00 00 00 48 8b 48 10 0f
0x000000005fee8d2b:   b7 51 3a 48 8b 49 20 e8 19 e3 ed ff 48 8d 4c 24 


Register to memory mapping:

RAX=0x0000000000000000 is an unknown value
RBX=0x0000000010f05000 is a thread
RCX=0x0000000000000500 is an unknown value
RDX=0x0000000010f7e0f8 is an unknown value
RSP=0x00000000113eeb70 is pointing into the stack for thread: 0x0000000010f05000
RBP=0x00000000113eec58 is pointing into the stack for thread: 0x0000000010f05000
RSI=0x0000000000000000 is an unknown value
RDI=0x0000000010f051e8 is an unknown value
R8 =0x0000000000000000 is an unknown value
R9 =0x00000000113eec58 is pointing into the stack for thread: 0x0000000010f05000
R10=0x00000007ab246500 is an oop
sun.misc.Launcher$AppClassLoader 
 - klass: 'sun/misc/Launcher$AppClassLoader'
R11=0x00000000113eec20 is pointing into the stack for thread: 0x0000000010f05000
R12=0x0000000000000000 is an unknown value
R13=0x00000006fc7ee818 is an oop
{method} 
 - klass: {other class}
R14=0x00000000113eed20 is pointing into the stack for thread: 0x0000000010f05000
R15=0x0000000010f05000 is a thread


Stack: [0x00000000112f0000,0x00000000113f0000],  sp=0x00000000113eeb70,  free space=1018k
Native frames: (J=compiled Java code, j=interpreted, Vv=VM code, C=native code)
V  [jvm.dll+0x138d1b]

Java frames: (J=compiled Java code, j=interpreted, Vv=VM code)
j  com.sun.glass.ui.win.WinApplication.initIDs()V+0
j  com.sun.glass.ui.win.WinApplication.<clinit>()V+11
v  ~StubRoutines::call_stub
j  com.sun.glass.ui.win.WinPlatformFactory.createApplication()Lcom/sun/glass/ui/win/WinApplication;+0
j  com.sun.glass.ui.win.WinPlatformFactory.createApplication()Lcom/sun/glass/ui/Application;+1
j  com.sun.glass.ui.Application.Run([Ljava/lang/String;Lcom/sun/glass/ui/Launchable;)V+6
j  com.sun.javafx.tk.quantum.QuantumToolkit.startup(Ljava/lang/Runnable;)V+17
j  com.sun.javafx.application.PlatformImpl.startup(Ljava/lang/Runnable;)V+81
j  com.sun.javafx.application.LauncherImpl.launchApplication1(Ljava/lang/Class;Ljava/lang/Class;[Ljava/lang/String;)V+26
j  com.sun.javafx.application.LauncherImpl.access$000(Ljava/lang/Class;Ljava/lang/Class;[Ljava/lang/String;)V+3
j  com.sun.javafx.application.LauncherImpl$1.run()V+12
j  java.lang.Thread.run()V+11
v  ~StubRoutines::call_stub

---------------  P R O C E S S  ---------------

Java Threads: ( => current thread )
  0x000000001106e800 JavaThread "Disposer" daemon [_thread_blocked, id=9476, stack(0x0000000011860000,0x0000000011960000)]
  0x00000000110c6000 JavaThread "QuantumRenderer-0" daemon [_thread_blocked, id=3340, stack(0x00000000113f0000,0x00000000114f0000)]
=>0x0000000010f05000 JavaThread "JavaFX-Launcher" [_thread_in_vm, id=10044, stack(0x00000000112f0000,0x00000000113f0000)]
  0x000000000f587000 JavaThread "Service Thread" daemon [_thread_blocked, id=5596, stack(0x0000000010cf0000,0x0000000010df0000)]
  0x000000000f584000 JavaThread "C2 CompilerThread1" daemon [_thread_blocked, id=2532, stack(0x0000000010bf0000,0x0000000010cf0000)]
  0x000000000f57f000 JavaThread "C2 CompilerThread0" daemon [_thread_blocked, id=7516, stack(0x0000000010af0000,0x0000000010bf0000)]
  0x000000000f57e000 JavaThread "Attach Listener" daemon [_thread_blocked, id=9792, stack(0x00000000109f0000,0x0000000010af0000)]
  0x000000000f57a800 JavaThread "Signal Dispatcher" daemon [_thread_blocked, id=3264, stack(0x00000000108f0000,0x00000000109f0000)]
  0x000000000f53f000 JavaThread "Finalizer" daemon [_thread_blocked, id=5260, stack(0x00000000107f0000,0x00000000108f0000)]
  0x000000000f536000 JavaThread "Reference Handler" daemon [_thread_blocked, id=6736, stack(0x00000000106f0000,0x00000000107f0000)]
  0x0000000002660800 JavaThread "main" [_thread_blocked, id=3460, stack(0x0000000002540000,0x0000000002640000)]

Other Threads:
  0x000000000f532000 VMThread [stack: 0x00000000105f0000,0x00000000106f0000] [id=2996]
  0x000000000f595800 WatcherThread [stack: 0x0000000010df0000,0x0000000010ef0000] [id=5516]

VM state:not at safepoint (normal execution)

VM Mutex/Monitor currently owned by a thread: None

Heap
 PSYoungGen      total 76288K, used 6554K [0x00000007ab200000, 0x00000007b0700000, 0x0000000800000000)
  eden space 65536K, 10% used [0x00000007ab200000,0x00000007ab866b98,0x00000007af200000)
  from space 10752K, 0% used [0x00000007afc80000,0x00000007afc80000,0x00000007b0700000)
  to   space 10752K, 0% used [0x00000007af200000,0x00000007af200000,0x00000007afc80000)
 ParOldGen       total 173568K, used 0K [0x0000000701600000, 0x000000070bf80000, 0x00000007ab200000)
  object space 173568K, 0% used [0x0000000701600000,0x0000000701600000,0x000000070bf80000)
 PSPermGen       total 21504K, used 4177K [0x00000006fc400000, 0x00000006fd900000, 0x0000000701600000)
  object space 21504K, 19% used [0x00000006fc400000,0x00000006fc814670,0x00000006fd900000)

Card table byte_map: [0x0000000005820000,0x0000000006040000] byte_map_base: 0x000000000203e000

Polling page: 0x0000000000d50000

Code Cache  [0x0000000002760000, 0x00000000029d0000, 0x0000000005760000)
 total_blobs=232 nmethods=12 adapters=173 free_code_cache=48727Kb largest_free_block=49878464

Compilation events (10 events):
Event: 0.130 Thread 0x000000000f57f000    7             java.lang.String::startsWith (72 bytes)
Event: 0.133 Thread 0x000000000f57f000 nmethod 7 0x00000000027c2950 code [0x00000000027c2aa0, 0x00000000027c2c98]
Event: 0.145 Thread 0x000000000f584000    8             sun.net.www.ParseUtil::encodePath (336 bytes)
Event: 0.151 Thread 0x000000000f57f000    9             sun.nio.cs.UTF_8$Encoder::encode (361 bytes)
Event: 0.157 Thread 0x000000000f57f000 nmethod 9 0x00000000027c9cd0 code [0x00000000027c9e20, 0x00000000027ca308]
Event: 0.165 Thread 0x000000000f57f000   10             java.io.Win32FileSystem::normalize (143 bytes)
Event: 0.165 Thread 0x000000000f584000 nmethod 8 0x00000000027ccd90 code [0x00000000027ccfc0, 0x00000000027ce018]
Event: 0.169 Thread 0x000000000f57f000 nmethod 10 0x00000000027cb190 code [0x00000000027cb300, 0x00000000027cb630]
Event: 0.179 Thread 0x000000000f584000   11             java.lang.Object::<init> (1 bytes)
Event: 0.179 Thread 0x000000000f584000 nmethod 11 0x00000000027caf50 code [0x00000000027cb080, 0x00000000027cb118]

GC Heap History (0 events):
No events

Deoptimization events (0 events):
No events

Internal exceptions (10 events):
Event: 0.188 Thread 0x0000000010f05000 Threw 0x00000007ab68c470 at C:\re\jdk7u79\2331\hotspot\src\share\vm\prims\jvm.cpp:1304
Event: 0.189 Thread 0x0000000010f05000 Threw 0x00000007ab68efa0 at C:\re\jdk7u79\2331\hotspot\src\share\vm\prims\jvm.cpp:1304
Event: 0.190 Thread 0x0000000010f05000 Threw 0x00000007ab69c390 at C:\re\jdk7u79\2331\hotspot\src\share\vm\prims\jvm.cpp:1304
Event: 0.190 Thread 0x0000000010f05000 Threw 0x00000007ab69f430 at C:\re\jdk7u79\2331\hotspot\src\share\vm\prims\jvm.cpp:1304
Event: 0.191 Thread 0x0000000010f05000 Threw 0x00000007ab6a21f8 at C:\re\jdk7u79\2331\hotspot\src\share\vm\prims\jvm.cpp:1304
Event: 0.191 Thread 0x0000000010f05000 Threw 0x00000007ab6a4c78 at C:\re\jdk7u79\2331\hotspot\src\share\vm\prims\jvm.cpp:1304
Event: 0.191 Thread 0x0000000010f05000 Threw 0x00000007ab6a72b0 at C:\re\jdk7u79\2331\hotspot\src\share\vm\prims\jvm.cpp:1304
Event: 0.192 Thread 0x0000000010f05000 Threw 0x00000007ab6a99b0 at C:\re\jdk7u79\2331\hotspot\src\share\vm\prims\jvm.cpp:1304
Event: 0.192 Thread 0x0000000010f05000 Threw 0x00000007ab6ae1c8 at C:\re\jdk7u79\2331\hotspot\src\share\vm\prims\jvm.cpp:1304
Event: 0.247 Thread 0x0000000010f05000 Threw 0x00000007ab6b6de8 at C:\re\jdk7u79\2331\hotspot\src\share\vm\prims\jni.cpp:1598

Events (10 events):
Event: 0.191 loading class 0x0000000011009070
Event: 0.191 loading class 0x0000000011009070 done
Event: 0.191 loading class 0x000000001106dc40
Event: 0.191 loading class 0x000000001106dc40 done
Event: 0.191 loading class 0x00000000111c4fc0
Event: 0.191 loading class 0x00000000111c4fc0 done
Event: 0.192 loading class 0x00000000111a7130
Event: 0.192 loading class 0x00000000111a7130 done
Event: 0.192 loading class 0x00000000111c5140
Event: 0.192 loading class 0x00000000111c5140 done


Dynamic libraries:
0x00007ff756620000 - 0x00007ff756653000 	C:\Program Files\Java\jdk1.7.0_79\bin\javaw.exe
0x00007ffbd26d0000 - 0x00007ffbd2891000 	C:\WINDOWS\SYSTEM32\ntdll.dll
0x00007ffbd25e0000 - 0x00007ffbd268d000 	C:\WINDOWS\system32\KERNEL32.DLL
0x00007ffbcfbc0000 - 0x00007ffbcfd9d000 	C:\WINDOWS\system32\KERNELBASE.dll
0x00007ffbd23e0000 - 0x00007ffbd2486000 	C:\WINDOWS\system32\ADVAPI32.dll
0x00007ffbd2290000 - 0x00007ffbd232d000 	C:\WINDOWS\system32\msvcrt.dll
0x00007ffbcffc0000 - 0x00007ffbd001b000 	C:\WINDOWS\system32\sechost.dll
0x00007ffbd0050000 - 0x00007ffbd0176000 	C:\WINDOWS\system32\RPCRT4.dll
0x00007ffbd2060000 - 0x00007ffbd21ae000 	C:\WINDOWS\system32\USER32.dll
0x00007ffbd1ed0000 - 0x00007ffbd2056000 	C:\WINDOWS\system32\GDI32.dll
0x00007ffbc7fc0000 - 0x00007ffbc8234000 	C:\WINDOWS\WinSxS\amd64_microsoft.windows.common-controls_6595b64144ccf1df_6.0.10240.16384_none_f41f7b285750ef43\COMCTL32.dll
0x00007ffbd2690000 - 0x00007ffbd26c6000 	C:\WINDOWS\system32\IMM32.DLL
0x00007ffbcfe60000 - 0x00007ffbcffbc000 	C:\WINDOWS\system32\MSCTF.dll
0x0000000060590000 - 0x0000000060662000 	C:\Program Files\Java\jdk1.7.0_79\jre\bin\msvcr100.dll
0x000000005fdb0000 - 0x0000000060585000 	C:\Program Files\Java\jdk1.7.0_79\jre\bin\server\jvm.dll
0x00007ffbd0040000 - 0x00007ffbd0048000 	C:\WINDOWS\system32\PSAPI.DLL
0x00007ffbcc610000 - 0x00007ffbcc619000 	C:\WINDOWS\SYSTEM32\WSOCK32.dll
0x00007ffbcd720000 - 0x00007ffbcd743000 	C:\WINDOWS\SYSTEM32\WINMM.dll
0x00007ffbd1870000 - 0x00007ffbd18d9000 	C:\WINDOWS\system32\WS2_32.dll
0x00007ffbd1860000 - 0x00007ffbd1868000 	C:\WINDOWS\system32\NSI.dll
0x0000000000d00000 - 0x0000000000d2c000 	C:\WINDOWS\SYSTEM32\WINMMBASE.dll
0x00007ffbcf880000 - 0x00007ffbcf8c4000 	C:\WINDOWS\system32\cfgmgr32.dll
0x00007ffbcda70000 - 0x00007ffbcda97000 	C:\WINDOWS\SYSTEM32\DEVOBJ.dll
0x00000000607f0000 - 0x00000000607ff000 	C:\Program Files\Java\jdk1.7.0_79\jre\bin\verify.dll
0x00000000607c0000 - 0x00000000607e8000 	C:\Program Files\Java\jdk1.7.0_79\jre\bin\java.dll
0x00000000607a0000 - 0x00000000607b5000 	C:\Program Files\Java\jdk1.7.0_79\jre\bin\zip.dll
0x000000005fcd0000 - 0x000000005fda2000 	C:\Program Files\Java\jdk1.7.0_79\bin\msvcr100.dll
0x0000000060790000 - 0x000000006079f000 	C:\Program Files\Java\jdk1.7.0_79\jre\bin\prism-d3d.dll
0x00007ffb9cc30000 - 0x00007ffb9ce40000 	C:\WINDOWS\system32\d3d9.dll
0x00007ffbcccf0000 - 0x00007ffbccd12000 	C:\WINDOWS\SYSTEM32\dwmapi.dll
0x00007ffbd1940000 - 0x00007ffbd1bbc000 	C:\WINDOWS\system32\combase.dll
0x00007ffbcd9d0000 - 0x00007ffbcda66000 	C:\WINDOWS\system32\uxtheme.dll
0x00007ffb93ab0000 - 0x00007ffb95d93000 	C:\WINDOWS\SYSTEM32\igdumdim64.dll
0x00007ffbd1bc0000 - 0x00007ffbd1d85000 	C:\WINDOWS\system32\SETUPAPI.dll
0x00007ffbcfda0000 - 0x00007ffbcfe5e000 	C:\WINDOWS\system32\OLEAUT32.dll
0x00007ffbd2490000 - 0x00007ffbd25d1000 	C:\WINDOWS\system32\ole32.dll
0x000000005fc80000 - 0x000000005fcc1000 	C:\Program Files\Java\jre1.8.0_51\bin\glass.dll
0x00007ffbd1d90000 - 0x00007ffbd1e67000 	C:\WINDOWS\system32\COMDLG32.dll
0x00007ffbcf8d0000 - 0x00007ffbcf983000 	C:\WINDOWS\system32\shcore.dll
0x00007ffbd18e0000 - 0x00007ffbd1931000 	C:\WINDOWS\system32\SHLWAPI.dll
0x00007ffbd0180000 - 0x00007ffbd16a2000 	C:\WINDOWS\system32\SHELL32.dll
0x00007ffbcf1a0000 - 0x00007ffbcf7c8000 	C:\WINDOWS\system32\windows.storage.dll
0x00007ffbcf190000 - 0x00007ffbcf19f000 	C:\WINDOWS\system32\kernel.appcore.dll
0x00007ffbcf120000 - 0x00007ffbcf16a000 	C:\WINDOWS\system32\powrprof.dll
0x00007ffbcf100000 - 0x00007ffbcf113000 	C:\WINDOWS\system32\profapi.dll
0x00007ffbc10d0000 - 0x00007ffbc125a000 	C:\WINDOWS\SYSTEM32\dbghelp.dll

VM Arguments:
jvm_args: -Dfile.encoding=Cp1252 
java_command: main.Igps_guiSimulator
Launcher Type: SUN_STANDARD

Environment Variables:
JAVA_HOME=C:\Program Files\Java\jdk1.7.0_79\
PATH=C:/Program Files/Java/jre1.8.0_51/bin/server;C:/Program Files/Java/jre1.8.0_51/bin;C:/Program Files/Java/jre1.8.0_51/lib/amd64;C:\ProgramData\Oracle\Java\javapath;C:\Program Files (x86)\Intel\iCLS Client\;C:\Program Files\Intel\iCLS Client\;C:\WINDOWS\system32;C:\WINDOWS;C:\WINDOWS\System32\Wbem;C:\WINDOWS\System32\WindowsPowerShell\v1.0\;C:\Program Files\Intel\Intel(R) Management Engine Components\DAL;C:\Program Files (x86)\Intel\Intel(R) Management Engine Components\DAL;C:\Program Files\Intel\Intel(R) Management Engine Components\IPT;C:\Program Files (x86)\Intel\Intel(R) Management Engine Components\IPT;c:\Program Files (x86)\ATI Technologies\ATI.ACE\Core-Static;C:\Program Files\Intel\WiFi\bin\;C:\Program Files\Common Files\Intel\WirelessCommon\;C:\Program Files (x86)\Skype\Phone\;C:\Program Files\Java\jdk1.7.0_79\bin;4.94066E-324RADLE_HOME\bin;C:\Program Files (x86)\MySQL\MySQL Fabric 1.5 & MySQL Utilities 1.5\;C:\Program Files (x86)\MySQL\MySQL Fabric 1.5 & MySQL Utilities 1.5\Doctrine extensions for PHP\;D:\Software\extracted\eclipse-Mars;
USERNAME=sameer
OS=Windows_NT
PROCESSOR_IDENTIFIER=Intel64 Family 6 Model 61 Stepping 4, GenuineIntel



---------------  S Y S T E M  ---------------

OS: Windows 8.1 , 64 bit Build 9600 

CPU:total 4 (2 cores per cpu, 2 threads per core) family 6 model 61 stepping 4, cmov, cx8, fxsr, mmx, sse, sse2, sse3, ssse3, sse4.1, sse4.2, popcnt, avx, avx2, aes, erms, ht, tsc, tscinvbit

Memory: 4k page, physical 16686780k(10715484k free), swap 19177148k(11537404k free)

vm_info: Java HotSpot(TM) 64-Bit Server VM (24.79-b02) for windows-amd64 JRE (1.7.0_79-b15), built on Apr 10 2015 12:36:16 by "java_re" with unknown MS VC++:1600

time: Fri Jan 01 20:10:25 2016
elapsed time: 0 seconds

