#
# A fatal error has been detected by the Java Runtime Environment:
#
#  EXCEPTION_ACCESS_VIOLATION (0xc0000005) at pc=0x000000005fee8d1b, pid=4328, tid=10060
#
# JRE version: Java(TM) SE Runtime Environment (7.0_79-b15) (build 1.7.0_79-b15)
# Java VM: Java HotSpot(TM) 64-Bit Server VM (24.79-b02 mixed mode windows-amd64 compressed oops)
# Problematic frame:
# V  [jvm.dll+0x138d1b]
#
# Failed to write core dump. Minidumps are not enabled by default on client versions of Windows
#
# If you would like to submit a bug report, please visit:
#   http://bugreport.java.com/bugreport/crash.jsp
#

---------------  T H R E A D  ---------------

Current thread (0x00000000113e5000):  JavaThread "JavaFX-Launcher" [_thread_in_vm, id=10060, stack(0x00000000117d0000,0x00000000118d0000)]

siginfo: ExceptionCode=0xc0000005, reading address 0x0000000000000000

Registers:
RAX=0x0000000000000000, RBX=0x00000000113e5000, RCX=0x0000000000000500, RDX=0x000000001145e5f8
RSP=0x00000000118ceab0, RBP=0x00000000118ceb98, RSI=0x0000000000000000, RDI=0x00000000113e51e8
R8 =0x0000000000000000, R9 =0x00000000118ceb98, R10=0x00000007ab246500, R11=0x00000000118ceb60
R12=0x0000000000000000, R13=0x00000006fc7ee818, R14=0x00000000118cec60, R15=0x00000000113e5000
RIP=0x000000005fee8d1b, EFLAGS=0x0000000000010246

Top of Stack: (sp=0x00000000118ceab0)
0x00000000118ceab0:   0000000000000001 000000000fa682c0
0x00000000118ceac0:   00000000113e51e8 0000000000000001
0x00000000118cead0:   00000000113e5000 000000005fca90b8
0x00000000118ceae0:   00000000114e2160 000000005fed0a0a
0x00000000118ceaf0:   00000000113e5000 0000000000000000
0x00000000118ceb00:   000000000fa682b0 00000000118cec60
0x00000000118ceb10:   0000000000000000 0000000000000001
0x00000000118ceb20:   000044c02443647d 0000000000000000
0x00000000118ceb30:   00000006fc7ee818 00000000113e51e8
0x00000000118ceb40:   000000001145e5f0 000000005fc9634c
0x00000000118ceb50:   00000000113e51e8 00000000118cec48
0x00000000118ceb60:   000000001145e5f8 00000000113e5000
0x00000000118ceb70:   000000001145e5f0 000000005fc9d309
0x00000000118ceb80:   00000000113e51e8 00000000118cec48
0x00000000118ceb90:   0000000000000000 000000001145e5f0
0x00000000118ceba0:   00000000118cec58 000000005fc89e46 

Instructions: (pc=0x000000005fee8d1b)
0x000000005fee8cfb:   00 48 83 7b 08 00 48 89 5c 24 40 48 c7 44 24 48
0x000000005fee8d0b:   00 00 00 00 74 0a 48 8d 4c 24 40 e8 d5 71 0f 00
0x000000005fee8d1b:   48 8b 06 c7 44 24 30 0e 00 00 00 48 8b 48 10 0f
0x000000005fee8d2b:   b7 51 3a 48 8b 49 20 e8 19 e3 ed ff 48 8d 4c 24 


Register to memory mapping:

RAX=0x0000000000000000 is an unknown value
RBX=0x00000000113e5000 is a thread
RCX=0x0000000000000500 is an unknown value
RDX=0x000000001145e5f8 is an unknown value
RSP=0x00000000118ceab0 is pointing into the stack for thread: 0x00000000113e5000
RBP=0x00000000118ceb98 is pointing into the stack for thread: 0x00000000113e5000
RSI=0x0000000000000000 is an unknown value
RDI=0x00000000113e51e8 is an unknown value
R8 =0x0000000000000000 is an unknown value
R9 =0x00000000118ceb98 is pointing into the stack for thread: 0x00000000113e5000
R10=0x00000007ab246500 is an oop
sun.misc.Launcher$AppClassLoader 
 - klass: 'sun/misc/Launcher$AppClassLoader'
R11=0x00000000118ceb60 is pointing into the stack for thread: 0x00000000113e5000
R12=0x0000000000000000 is an unknown value
R13=0x00000006fc7ee818 is an oop
{method} 
 - klass: {other class}
R14=0x00000000118cec60 is pointing into the stack for thread: 0x00000000113e5000
R15=0x00000000113e5000 is a thread


Stack: [0x00000000117d0000,0x00000000118d0000],  sp=0x00000000118ceab0,  free space=1018k
Native frames: (J=compiled Java code, j=interpreted, Vv=VM code, C=native code)
V  [jvm.dll+0x138d1b]

Java frames: (J=compiled Java code, j=interpreted, Vv=VM code)
j  com.sun.glass.ui.win.WinApplication.initIDs()V+0
j  com.sun.glass.ui.win.WinApplication.<clinit>()V+11
v  ~StubRoutines::call_stub
j  com.sun.glass.ui.win.WinPlatformFactory.createApplication()Lcom/sun/glass/ui/win/WinApplication;+0
j  com.sun.glass.ui.win.WinPlatformFactory.createApplication()Lcom/sun/glass/ui/Application;+1
j  com.sun.glass.ui.Application.Run([Ljava/lang/String;Lcom/sun/glass/ui/Launchable;)V+6
j  com.sun.javafx.tk.quantum.QuantumToolkit.startup(Ljava/lang/Runnable;)V+17
j  com.sun.javafx.application.PlatformImpl.startup(Ljava/lang/Runnable;)V+81
j  com.sun.javafx.application.LauncherImpl.launchApplication1(Ljava/lang/Class;Ljava/lang/Class;[Ljava/lang/String;)V+26
j  com.sun.javafx.application.LauncherImpl.access$000(Ljava/lang/Class;Ljava/lang/Class;[Ljava/lang/String;)V+3
j  com.sun.javafx.application.LauncherImpl$1.run()V+12
j  java.lang.Thread.run()V+11
v  ~StubRoutines::call_stub

---------------  P R O C E S S  ---------------

Java Threads: ( => current thread )
  0x000000001154b000 JavaThread "Disposer" daemon [_thread_blocked, id=9728, stack(0x0000000011dd0000,0x0000000011ed0000)]
  0x00000000114fd800 JavaThread "QuantumRenderer-0" daemon [_thread_blocked, id=216, stack(0x0000000011990000,0x0000000011a90000)]
=>0x00000000113e5000 JavaThread "JavaFX-Launcher" [_thread_in_vm, id=10060, stack(0x00000000117d0000,0x00000000118d0000)]
  0x000000000fa67000 JavaThread "Service Thread" daemon [_thread_blocked, id=8600, stack(0x00000000111d0000,0x00000000112d0000)]
  0x000000000fa64000 JavaThread "C2 CompilerThread1" daemon [_thread_blocked, id=5028, stack(0x00000000110d0000,0x00000000111d0000)]
  0x000000000fa57000 JavaThread "C2 CompilerThread0" daemon [_thread_blocked, id=2136, stack(0x0000000010fd0000,0x00000000110d0000)]
  0x000000000fa56000 JavaThread "Attach Listener" daemon [_thread_blocked, id=8620, stack(0x0000000010ed0000,0x0000000010fd0000)]
  0x000000000fa52800 JavaThread "Signal Dispatcher" daemon [_thread_blocked, id=6332, stack(0x0000000010dd0000,0x0000000010ed0000)]
  0x000000000fa1f000 JavaThread "Finalizer" daemon [_thread_blocked, id=6480, stack(0x0000000010cd0000,0x0000000010dd0000)]
  0x000000000fa16000 JavaThread "Reference Handler" daemon [_thread_blocked, id=7036, stack(0x0000000010bd0000,0x0000000010cd0000)]
  0x0000000002b40800 JavaThread "main" [_thread_blocked, id=10196, stack(0x00000000028e0000,0x00000000029e0000)]

Other Threads:
  0x000000000fa12000 VMThread [stack: 0x0000000010ad0000,0x0000000010bd0000] [id=8444]
  0x000000000fa75800 WatcherThread [stack: 0x00000000112d0000,0x00000000113d0000] [id=1928]

VM state:not at safepoint (normal execution)

VM Mutex/Monitor currently owned by a thread: None

Heap
 PSYoungGen      total 76288K, used 6553K [0x00000007ab200000, 0x00000007b0700000, 0x0000000800000000)
  eden space 65536K, 10% used [0x00000007ab200000,0x00000007ab8667b8,0x00000007af200000)
  from space 10752K, 0% used [0x00000007afc80000,0x00000007afc80000,0x00000007b0700000)
  to   space 10752K, 0% used [0x00000007af200000,0x00000007af200000,0x00000007afc80000)
 ParOldGen       total 173568K, used 0K [0x0000000701600000, 0x000000070bf80000, 0x00000007ab200000)
  object space 173568K, 0% used [0x0000000701600000,0x0000000701600000,0x000000070bf80000)
 PSPermGen       total 21504K, used 4177K [0x00000006fc400000, 0x00000006fd900000, 0x0000000701600000)
  object space 21504K, 19% used [0x00000006fc400000,0x00000006fc814670,0x00000006fd900000)

Card table byte_map: [0x0000000005d00000,0x0000000006520000] byte_map_base: 0x000000000251e000

Polling page: 0x0000000000eb0000

Code Cache  [0x0000000002c40000, 0x0000000002eb0000, 0x0000000005c40000)
 total_blobs=232 nmethods=12 adapters=173 free_code_cache=48727Kb largest_free_block=49878464

Compilation events (10 events):
Event: 0.144 Thread 0x000000000fa64000 nmethod 6 0x0000000002ca5bd0 code [0x0000000002ca5d20, 0x0000000002ca61b8]
Event: 0.145 Thread 0x000000000fa57000 nmethod 7 0x0000000002ca2950 code [0x0000000002ca2aa0, 0x0000000002ca2c98]
Event: 0.161 Thread 0x000000000fa64000    8             sun.net.www.ParseUtil::encodePath (336 bytes)
Event: 0.165 Thread 0x000000000fa57000    9             sun.nio.cs.UTF_8$Encoder::encode (361 bytes)
Event: 0.172 Thread 0x000000000fa57000 nmethod 9 0x0000000002ca9cd0 code [0x0000000002ca9e20, 0x0000000002caa308]
Event: 0.180 Thread 0x000000000fa57000   10             java.io.Win32FileSystem::normalize (143 bytes)
Event: 0.182 Thread 0x000000000fa64000 nmethod 8 0x0000000002cacd90 code [0x0000000002cacfc0, 0x0000000002cae018]
Event: 0.185 Thread 0x000000000fa57000 nmethod 10 0x0000000002cab190 code [0x0000000002cab300, 0x0000000002cab630]
Event: 0.192 Thread 0x000000000fa64000   11             java.lang.Object::<init> (1 bytes)
Event: 0.193 Thread 0x000000000fa64000 nmethod 11 0x0000000002caaf50 code [0x0000000002cab080, 0x0000000002cab118]

GC Heap History (0 events):
No events

Deoptimization events (0 events):
No events

Internal exceptions (10 events):
Event: 0.204 Thread 0x00000000113e5000 Threw 0x00000007ab696d60 at C:\re\jdk7u79\2331\hotspot\src\share\vm\prims\jvm.cpp:1304
Event: 0.204 Thread 0x00000000113e5000 Threw 0x00000007ab699ac8 at C:\re\jdk7u79\2331\hotspot\src\share\vm\prims\jvm.cpp:1304
Event: 0.204 Thread 0x00000000113e5000 Threw 0x00000007ab69c7f0 at C:\re\jdk7u79\2331\hotspot\src\share\vm\prims\jvm.cpp:1304
Event: 0.204 Thread 0x00000000113e5000 Threw 0x00000007ab69f858 at C:\re\jdk7u79\2331\hotspot\src\share\vm\prims\jvm.cpp:1304
Event: 0.205 Thread 0x00000000113e5000 Threw 0x00000007ab6a2380 at C:\re\jdk7u79\2331\hotspot\src\share\vm\prims\jvm.cpp:1304
Event: 0.205 Thread 0x00000000113e5000 Threw 0x00000007ab6a4e00 at C:\re\jdk7u79\2331\hotspot\src\share\vm\prims\jvm.cpp:1304
Event: 0.205 Thread 0x00000000113e5000 Threw 0x00000007ab6a7438 at C:\re\jdk7u79\2331\hotspot\src\share\vm\prims\jvm.cpp:1304
Event: 0.206 Thread 0x00000000113e5000 Threw 0x00000007ab6a9b38 at C:\re\jdk7u79\2331\hotspot\src\share\vm\prims\jvm.cpp:1304
Event: 0.206 Thread 0x00000000113e5000 Threw 0x00000007ab6ae350 at C:\re\jdk7u79\2331\hotspot\src\share\vm\prims\jvm.cpp:1304
Event: 0.210 Thread 0x00000000113e5000 Threw 0x00000007ab6b6f70 at C:\re\jdk7u79\2331\hotspot\src\share\vm\prims\jni.cpp:1598

Events (10 events):
Event: 0.205 loading class 0x00000000114e1e00
Event: 0.205 loading class 0x00000000114e1e00 done
Event: 0.205 loading class 0x0000000011559eb0
Event: 0.205 loading class 0x0000000011559eb0 done
Event: 0.205 loading class 0x000000001159b5e0
Event: 0.205 loading class 0x000000001159b5e0 done
Event: 0.206 loading class 0x0000000011549f70
Event: 0.206 loading class 0x0000000011549f70 done
Event: 0.206 loading class 0x000000001159bd60
Event: 0.206 loading class 0x000000001159bd60 done


Dynamic libraries:
0x00007ff756620000 - 0x00007ff756653000 	C:\Program Files\Java\jdk1.7.0_79\bin\javaw.exe
0x00007ffbd26d0000 - 0x00007ffbd2891000 	C:\WINDOWS\SYSTEM32\ntdll.dll
0x00007ffbd25e0000 - 0x00007ffbd268d000 	C:\WINDOWS\system32\KERNEL32.DLL
0x00007ffbcfbc0000 - 0x00007ffbcfd9d000 	C:\WINDOWS\system32\KERNELBASE.dll
0x00007ffbd23e0000 - 0x00007ffbd2486000 	C:\WINDOWS\system32\ADVAPI32.dll
0x00007ffbd2290000 - 0x00007ffbd232d000 	C:\WINDOWS\system32\msvcrt.dll
0x00007ffbcffc0000 - 0x00007ffbd001b000 	C:\WINDOWS\system32\sechost.dll
0x00007ffbd0050000 - 0x00007ffbd0176000 	C:\WINDOWS\system32\RPCRT4.dll
0x00007ffbd2060000 - 0x00007ffbd21ae000 	C:\WINDOWS\system32\USER32.dll
0x00007ffbd1ed0000 - 0x00007ffbd2056000 	C:\WINDOWS\system32\GDI32.dll
0x00007ffbc7fc0000 - 0x00007ffbc8234000 	C:\WINDOWS\WinSxS\amd64_microsoft.windows.common-controls_6595b64144ccf1df_6.0.10240.16384_none_f41f7b285750ef43\COMCTL32.dll
0x00007ffbd2690000 - 0x00007ffbd26c6000 	C:\WINDOWS\system32\IMM32.DLL
0x00007ffbcfe60000 - 0x00007ffbcffbc000 	C:\WINDOWS\system32\MSCTF.dll
0x0000000060590000 - 0x0000000060662000 	C:\Program Files\Java\jdk1.7.0_79\jre\bin\msvcr100.dll
0x000000005fdb0000 - 0x0000000060585000 	C:\Program Files\Java\jdk1.7.0_79\jre\bin\server\jvm.dll
0x00007ffbd0040000 - 0x00007ffbd0048000 	C:\WINDOWS\system32\PSAPI.DLL
0x00007ffbcc610000 - 0x00007ffbcc619000 	C:\WINDOWS\SYSTEM32\WSOCK32.dll
0x00007ffbd1870000 - 0x00007ffbd18d9000 	C:\WINDOWS\system32\WS2_32.dll
0x00007ffbd1860000 - 0x00007ffbd1868000 	C:\WINDOWS\system32\NSI.dll
0x00007ffbcd720000 - 0x00007ffbcd743000 	C:\WINDOWS\SYSTEM32\WINMM.dll
0x00007ffbcd6f0000 - 0x00007ffbcd71c000 	C:\WINDOWS\SYSTEM32\WINMMBASE.dll
0x00007ffbcf880000 - 0x00007ffbcf8c4000 	C:\WINDOWS\system32\cfgmgr32.dll
0x00007ffbcda70000 - 0x00007ffbcda97000 	C:\WINDOWS\SYSTEM32\DEVOBJ.dll
0x00000000607f0000 - 0x00000000607ff000 	C:\Program Files\Java\jdk1.7.0_79\jre\bin\verify.dll
0x00000000607c0000 - 0x00000000607e8000 	C:\Program Files\Java\jdk1.7.0_79\jre\bin\java.dll
0x00000000607a0000 - 0x00000000607b5000 	C:\Program Files\Java\jdk1.7.0_79\jre\bin\zip.dll
0x000000005fcd0000 - 0x000000005fda2000 	C:\Program Files\Java\jdk1.7.0_79\bin\msvcr100.dll
0x0000000060790000 - 0x000000006079f000 	C:\Program Files\Java\jdk1.7.0_79\jre\bin\prism-d3d.dll
0x00007ffb9cc30000 - 0x00007ffb9ce40000 	C:\WINDOWS\system32\d3d9.dll
0x00007ffbcccf0000 - 0x00007ffbccd12000 	C:\WINDOWS\SYSTEM32\dwmapi.dll
0x00007ffbd1940000 - 0x00007ffbd1bbc000 	C:\WINDOWS\system32\combase.dll
0x00007ffbcd9d0000 - 0x00007ffbcda66000 	C:\WINDOWS\system32\uxtheme.dll
0x00007ffb956e0000 - 0x00007ffb979c3000 	C:\WINDOWS\SYSTEM32\igdumdim64.dll
0x00007ffbd1bc0000 - 0x00007ffbd1d85000 	C:\WINDOWS\system32\SETUPAPI.dll
0x00007ffbcfda0000 - 0x00007ffbcfe5e000 	C:\WINDOWS\system32\OLEAUT32.dll
0x00007ffbd2490000 - 0x00007ffbd25d1000 	C:\WINDOWS\system32\ole32.dll
0x000000005fc80000 - 0x000000005fcc1000 	C:\Program Files\Java\jre1.8.0_51\bin\glass.dll
0x00007ffbd1d90000 - 0x00007ffbd1e67000 	C:\WINDOWS\system32\COMDLG32.dll
0x00007ffbcf8d0000 - 0x00007ffbcf983000 	C:\WINDOWS\system32\shcore.dll
0x00007ffbd18e0000 - 0x00007ffbd1931000 	C:\WINDOWS\system32\SHLWAPI.dll
0x00007ffbd0180000 - 0x00007ffbd16a2000 	C:\WINDOWS\system32\SHELL32.dll
0x00007ffbcf1a0000 - 0x00007ffbcf7c8000 	C:\WINDOWS\system32\windows.storage.dll
0x00007ffbcf190000 - 0x00007ffbcf19f000 	C:\WINDOWS\system32\kernel.appcore.dll
0x00007ffbcf120000 - 0x00007ffbcf16a000 	C:\WINDOWS\system32\powrprof.dll
0x00007ffbcf100000 - 0x00007ffbcf113000 	C:\WINDOWS\system32\profapi.dll
0x00007ffbc10d0000 - 0x00007ffbc125a000 	C:\WINDOWS\SYSTEM32\dbghelp.dll

VM Arguments:
jvm_args: -Dfile.encoding=Cp1252 
java_command: main.Igps_guiSimulator
Launcher Type: SUN_STANDARD

Environment Variables:
JAVA_HOME=C:\Program Files\Java\jdk1.7.0_79\
PATH=C:/Program Files/Java/jre1.8.0_51/bin/server;C:/Program Files/Java/jre1.8.0_51/bin;C:/Program Files/Java/jre1.8.0_51/lib/amd64;C:\ProgramData\Oracle\Java\javapath;C:\Program Files (x86)\Intel\iCLS Client\;C:\Program Files\Intel\iCLS Client\;C:\WINDOWS\system32;C:\WINDOWS;C:\WINDOWS\System32\Wbem;C:\WINDOWS\System32\WindowsPowerShell\v1.0\;C:\Program Files\Intel\Intel(R) Management Engine Components\DAL;C:\Program Files (x86)\Intel\Intel(R) Management Engine Components\DAL;C:\Program Files\Intel\Intel(R) Management Engine Components\IPT;C:\Program Files (x86)\Intel\Intel(R) Management Engine Components\IPT;c:\Program Files (x86)\ATI Technologies\ATI.ACE\Core-Static;C:\Program Files\Intel\WiFi\bin\;C:\Program Files\Common Files\Intel\WirelessCommon\;C:\Program Files (x86)\Skype\Phone\;C:\Program Files\Java\jdk1.7.0_79\bin;4.94066E-324RADLE_HOME\bin;C:\Program Files (x86)\MySQL\MySQL Fabric 1.5 & MySQL Utilities 1.5\;C:\Program Files (x86)\MySQL\MySQL Fabric 1.5 & MySQL Utilities 1.5\Doctrine extensions for PHP\;D:\Software\extracted\eclipse-Mars;
USERNAME=sameer
OS=Windows_NT
PROCESSOR_IDENTIFIER=Intel64 Family 6 Model 61 Stepping 4, GenuineIntel



---------------  S Y S T E M  ---------------

OS: Windows 8.1 , 64 bit Build 9600 

CPU:total 4 (2 cores per cpu, 2 threads per core) family 6 model 61 stepping 4, cmov, cx8, fxsr, mmx, sse, sse2, sse3, ssse3, sse4.1, sse4.2, popcnt, avx, avx2, aes, erms, ht, tsc, tscinvbit

Memory: 4k page, physical 16686780k(10928856k free), swap 19177148k(11558872k free)

vm_info: Java HotSpot(TM) 64-Bit Server VM (24.79-b02) for windows-amd64 JRE (1.7.0_79-b15), built on Apr 10 2015 12:36:16 by "java_re" with unknown MS VC++:1600

time: Fri Jan 01 20:11:40 2016
elapsed time: 0 seconds

