#
# A fatal error has been detected by the Java Runtime Environment:
#
#  EXCEPTION_ACCESS_VIOLATION (0xc0000005) at pc=0x0000000060078d1b, pid=2328, tid=3940
#
# JRE version: Java(TM) SE Runtime Environment (7.0_79-b15) (build 1.7.0_79-b15)
# Java VM: Java HotSpot(TM) 64-Bit Server VM (24.79-b02 mixed mode windows-amd64 compressed oops)
# Problematic frame:
# V  [jvm.dll+0x138d1b]
#
# Failed to write core dump. Minidumps are not enabled by default on client versions of Windows
#
# If you would like to submit a bug report, please visit:
#   http://bugreport.java.com/bugreport/crash.jsp
#

---------------  T H R E A D  ---------------

Current thread (0x0000000011326800):  JavaThread "JavaFX-Launcher" [_thread_in_vm, id=3940, stack(0x0000000011710000,0x0000000011810000)]

siginfo: ExceptionCode=0xc0000005, reading address 0x0000000000000000

Registers:
RAX=0x0000000000000000, RBX=0x0000000011326800, RCX=0x0000000000000680, RDX=0x000000000fa0b848
RSP=0x000000001180e8d0, RBP=0x000000001180e9b8, RSI=0x0000000000000000, RDI=0x00000000113269e8
R8 =0x0000000000000000, R9 =0x000000001180e9b8, R10=0x00000007ab246150, R11=0x000000001180e980
R12=0x0000000000000000, R13=0x00000006fc7ee818, R14=0x000000001180ea80, R15=0x0000000011326800
RIP=0x0000000060078d1b, EFLAGS=0x0000000000010246

Top of Stack: (sp=0x000000001180e8d0)
0x000000001180e8d0:   0000000000000001 000000000f99c2c0
0x000000001180e8e0:   00000000113269e8 0000000000000001
0x000000001180e8f0:   0000000011326800 000000005fdc90b8
0x000000001180e900:   0000000011417e10 0000000060060a0a
0x000000001180e910:   0000000011326800 0000000000000000
0x000000001180e920:   000000000f99c2b0 000000001180ea80
0x000000001180e930:   0000000000000000 0000000000000001
0x000000001180e940:   000044c170ee78a4 0000000000000000
0x000000001180e950:   00000006fc7ee818 00000000113269e8
0x000000001180e960:   000000000fa0b840 000000005fdb634c
0x000000001180e970:   00000000113269e8 000000001180ea68
0x000000001180e980:   000000000fa0b848 0000000011326800
0x000000001180e990:   000000000fa0b840 000000005fdbd309
0x000000001180e9a0:   00000000113269e8 000000001180ea68
0x000000001180e9b0:   0000000000000000 000000000fa0b840
0x000000001180e9c0:   000000001180ea78 000000005fda9e46 

Instructions: (pc=0x0000000060078d1b)
0x0000000060078cfb:   00 48 83 7b 08 00 48 89 5c 24 40 48 c7 44 24 48
0x0000000060078d0b:   00 00 00 00 74 0a 48 8d 4c 24 40 e8 d5 71 0f 00
0x0000000060078d1b:   48 8b 06 c7 44 24 30 0e 00 00 00 48 8b 48 10 0f
0x0000000060078d2b:   b7 51 3a 48 8b 49 20 e8 19 e3 ed ff 48 8d 4c 24 


Register to memory mapping:

RAX=0x0000000000000000 is an unknown value
RBX=0x0000000011326800 is a thread
RCX=0x0000000000000680 is an unknown value
RDX=0x000000000fa0b848 is an unknown value
RSP=0x000000001180e8d0 is pointing into the stack for thread: 0x0000000011326800
RBP=0x000000001180e9b8 is pointing into the stack for thread: 0x0000000011326800
RSI=0x0000000000000000 is an unknown value
RDI=0x00000000113269e8 is an unknown value
R8 =0x0000000000000000 is an unknown value
R9 =0x000000001180e9b8 is pointing into the stack for thread: 0x0000000011326800
R10=0x00000007ab246150 is an oop
sun.misc.Launcher$AppClassLoader 
 - klass: 'sun/misc/Launcher$AppClassLoader'
R11=0x000000001180e980 is pointing into the stack for thread: 0x0000000011326800
R12=0x0000000000000000 is an unknown value
R13=0x00000006fc7ee818 is an oop
{method} 
 - klass: {other class}
R14=0x000000001180ea80 is pointing into the stack for thread: 0x0000000011326800
R15=0x0000000011326800 is a thread


Stack: [0x0000000011710000,0x0000000011810000],  sp=0x000000001180e8d0,  free space=1018k
Native frames: (J=compiled Java code, j=interpreted, Vv=VM code, C=native code)
V  [jvm.dll+0x138d1b]

Java frames: (J=compiled Java code, j=interpreted, Vv=VM code)
j  com.sun.glass.ui.win.WinApplication.initIDs()V+0
j  com.sun.glass.ui.win.WinApplication.<clinit>()V+11
v  ~StubRoutines::call_stub
j  com.sun.glass.ui.win.WinPlatformFactory.createApplication()Lcom/sun/glass/ui/win/WinApplication;+0
j  com.sun.glass.ui.win.WinPlatformFactory.createApplication()Lcom/sun/glass/ui/Application;+1
j  com.sun.glass.ui.Application.Run([Ljava/lang/String;Lcom/sun/glass/ui/Launchable;)V+6
j  com.sun.javafx.tk.quantum.QuantumToolkit.startup(Ljava/lang/Runnable;)V+17
j  com.sun.javafx.application.PlatformImpl.startup(Ljava/lang/Runnable;)V+81
j  com.sun.javafx.application.LauncherImpl.launchApplication1(Ljava/lang/Class;Ljava/lang/Class;[Ljava/lang/String;)V+26
j  com.sun.javafx.application.LauncherImpl.access$000(Ljava/lang/Class;Ljava/lang/Class;[Ljava/lang/String;)V+3
j  com.sun.javafx.application.LauncherImpl$1.run()V+12
j  java.lang.Thread.run()V+11
v  ~StubRoutines::call_stub

---------------  P R O C E S S  ---------------

Java Threads: ( => current thread )
  0x0000000011528800 JavaThread "Disposer" daemon [_thread_blocked, id=5032, stack(0x0000000011cc0000,0x0000000011dc0000)]
  0x000000001132d000 JavaThread "QuantumRenderer-0" daemon [_thread_blocked, id=1344, stack(0x0000000011810000,0x0000000011910000)]
=>0x0000000011326800 JavaThread "JavaFX-Launcher" [_thread_in_vm, id=3940, stack(0x0000000011710000,0x0000000011810000)]
  0x000000000f9a9000 JavaThread "Service Thread" daemon [_thread_blocked, id=3312, stack(0x0000000011110000,0x0000000011210000)]
  0x000000000f997000 JavaThread "C2 CompilerThread1" daemon [_thread_blocked, id=9280, stack(0x0000000011010000,0x0000000011110000)]
  0x000000000f995000 JavaThread "C2 CompilerThread0" daemon [_thread_blocked, id=9896, stack(0x0000000010f10000,0x0000000011010000)]
  0x000000000f994000 JavaThread "Attach Listener" daemon [_thread_blocked, id=7180, stack(0x0000000010e10000,0x0000000010f10000)]
  0x000000000f990800 JavaThread "Signal Dispatcher" daemon [_thread_blocked, id=9208, stack(0x0000000010d10000,0x0000000010e10000)]
  0x000000000f95f000 JavaThread "Finalizer" daemon [_thread_blocked, id=5772, stack(0x0000000010c10000,0x0000000010d10000)]
  0x000000000f956000 JavaThread "Reference Handler" daemon [_thread_blocked, id=10160, stack(0x0000000010b10000,0x0000000010c10000)]
  0x0000000002ba0800 JavaThread "main" [_thread_blocked, id=7020, stack(0x00000000029a0000,0x0000000002aa0000)]

Other Threads:
  0x000000000f952000 VMThread [stack: 0x0000000010a10000,0x0000000010b10000] [id=9664]
  0x000000000f9b4800 WatcherThread [stack: 0x0000000011210000,0x0000000011310000] [id=1612]

VM state:not at safepoint (normal execution)

VM Mutex/Monitor currently owned by a thread: None

Heap
 PSYoungGen      total 76288K, used 5243K [0x00000007ab200000, 0x00000007b0700000, 0x0000000800000000)
  eden space 65536K, 8% used [0x00000007ab200000,0x00000007ab71ed10,0x00000007af200000)
  from space 10752K, 0% used [0x00000007afc80000,0x00000007afc80000,0x00000007b0700000)
  to   space 10752K, 0% used [0x00000007af200000,0x00000007af200000,0x00000007afc80000)
 ParOldGen       total 173568K, used 0K [0x0000000701600000, 0x000000070bf80000, 0x00000007ab200000)
  object space 173568K, 0% used [0x0000000701600000,0x0000000701600000,0x000000070bf80000)
 PSPermGen       total 21504K, used 4177K [0x00000006fc400000, 0x00000006fd900000, 0x0000000701600000)
  object space 21504K, 19% used [0x00000006fc400000,0x00000006fc814670,0x00000006fd900000)

Card table byte_map: [0x0000000005ca0000,0x00000000064c0000] byte_map_base: 0x00000000024be000

Polling page: 0x00000000010b0000

Code Cache  [0x0000000002ca0000, 0x0000000002f10000, 0x0000000005ca0000)
 total_blobs=232 nmethods=12 adapters=173 free_code_cache=48727Kb largest_free_block=49878528

Compilation events (10 events):
Event: 0.157 Thread 0x000000000f995000    7             java.lang.String::startsWith (72 bytes)
Event: 0.160 Thread 0x000000000f995000 nmethod 7 0x0000000002d02910 code [0x0000000002d02a60, 0x0000000002d02c58]
Event: 0.176 Thread 0x000000000f997000    8             sun.net.www.ParseUtil::encodePath (336 bytes)
Event: 0.179 Thread 0x000000000f995000    9             sun.nio.cs.UTF_8$Encoder::encode (361 bytes)
Event: 0.186 Thread 0x000000000f995000 nmethod 9 0x0000000002d09c90 code [0x0000000002d09de0, 0x0000000002d0a2c8]
Event: 0.193 Thread 0x000000000f995000   10             java.io.Win32FileSystem::normalize (143 bytes)
Event: 0.197 Thread 0x000000000f997000 nmethod 8 0x0000000002d0cd50 code [0x0000000002d0cf80, 0x0000000002d0dfd8]
Event: 0.198 Thread 0x000000000f995000 nmethod 10 0x0000000002d0b150 code [0x0000000002d0b2c0, 0x0000000002d0b5f0]
Event: 0.207 Thread 0x000000000f997000   11             java.lang.Object::<init> (1 bytes)
Event: 0.207 Thread 0x000000000f997000 nmethod 11 0x0000000002d0af10 code [0x0000000002d0b040, 0x0000000002d0b0d8]

GC Heap History (0 events):
No events

Deoptimization events (0 events):
No events

Internal exceptions (10 events):
Event: 0.216 Thread 0x0000000011326800 Threw 0x00000007ab52e188 at C:\re\jdk7u79\2331\hotspot\src\share\vm\prims\jvm.cpp:1304
Event: 0.217 Thread 0x0000000011326800 Threw 0x00000007ab530a90 at C:\re\jdk7u79\2331\hotspot\src\share\vm\prims\jvm.cpp:1304
Event: 0.217 Thread 0x0000000011326800 Threw 0x00000007ab53dbf8 at C:\re\jdk7u79\2331\hotspot\src\share\vm\prims\jvm.cpp:1304
Event: 0.217 Thread 0x0000000011326800 Threw 0x00000007ab540a10 at C:\re\jdk7u79\2331\hotspot\src\share\vm\prims\jvm.cpp:1304
Event: 0.218 Thread 0x0000000011326800 Threw 0x00000007ab543548 at C:\re\jdk7u79\2331\hotspot\src\share\vm\prims\jvm.cpp:1304
Event: 0.218 Thread 0x0000000011326800 Threw 0x00000007ab545d38 at C:\re\jdk7u79\2331\hotspot\src\share\vm\prims\jvm.cpp:1304
Event: 0.218 Thread 0x0000000011326800 Threw 0x00000007ab5480d0 at C:\re\jdk7u79\2331\hotspot\src\share\vm\prims\jvm.cpp:1304
Event: 0.219 Thread 0x0000000011326800 Threw 0x00000007ab54a530 at C:\re\jdk7u79\2331\hotspot\src\share\vm\prims\jvm.cpp:1304
Event: 0.219 Thread 0x0000000011326800 Threw 0x00000007ab54eac0 at C:\re\jdk7u79\2331\hotspot\src\share\vm\prims\jvm.cpp:1304
Event: 0.222 Thread 0x0000000011326800 Threw 0x00000007ab556f20 at C:\re\jdk7u79\2331\hotspot\src\share\vm\prims\jni.cpp:1598

Events (10 events):
Event: 0.218 loading class 0x0000000011417e70
Event: 0.218 loading class 0x0000000011417e70 done
Event: 0.218 loading class 0x0000000011478d20
Event: 0.218 loading class 0x0000000011478d20 done
Event: 0.218 loading class 0x0000000011615210
Event: 0.218 loading class 0x0000000011615210 done
Event: 0.218 loading class 0x00000000115291f0
Event: 0.218 loading class 0x00000000115291f0 done
Event: 0.219 loading class 0x0000000011614d10
Event: 0.219 loading class 0x0000000011614d10 done


Dynamic libraries:
0x00007ff756620000 - 0x00007ff756653000 	C:\Program Files\Java\jdk1.7.0_79\bin\javaw.exe
0x00007ffbd26d0000 - 0x00007ffbd2891000 	C:\WINDOWS\SYSTEM32\ntdll.dll
0x00007ffbd25e0000 - 0x00007ffbd268d000 	C:\WINDOWS\system32\KERNEL32.DLL
0x00007ffbcfbc0000 - 0x00007ffbcfd9d000 	C:\WINDOWS\system32\KERNELBASE.dll
0x00007ffbd23e0000 - 0x00007ffbd2486000 	C:\WINDOWS\system32\ADVAPI32.dll
0x00007ffbd2290000 - 0x00007ffbd232d000 	C:\WINDOWS\system32\msvcrt.dll
0x00007ffbcffc0000 - 0x00007ffbd001b000 	C:\WINDOWS\system32\sechost.dll
0x00007ffbd0050000 - 0x00007ffbd0176000 	C:\WINDOWS\system32\RPCRT4.dll
0x00007ffbd2060000 - 0x00007ffbd21ae000 	C:\WINDOWS\system32\USER32.dll
0x00007ffbd1ed0000 - 0x00007ffbd2056000 	C:\WINDOWS\system32\GDI32.dll
0x00007ffbc7fc0000 - 0x00007ffbc8234000 	C:\WINDOWS\WinSxS\amd64_microsoft.windows.common-controls_6595b64144ccf1df_6.0.10240.16384_none_f41f7b285750ef43\COMCTL32.dll
0x00007ffbd2690000 - 0x00007ffbd26c6000 	C:\WINDOWS\system32\IMM32.DLL
0x00007ffbcfe60000 - 0x00007ffbcffbc000 	C:\WINDOWS\system32\MSCTF.dll
0x0000000060720000 - 0x00000000607f2000 	C:\Program Files\Java\jdk1.7.0_79\jre\bin\msvcr100.dll
0x000000005ff40000 - 0x0000000060715000 	C:\Program Files\Java\jdk1.7.0_79\jre\bin\server\jvm.dll
0x00007ffbd0040000 - 0x00007ffbd0048000 	C:\WINDOWS\system32\PSAPI.DLL
0x00007ffbcc610000 - 0x00007ffbcc619000 	C:\WINDOWS\SYSTEM32\WSOCK32.dll
0x00007ffbd1870000 - 0x00007ffbd18d9000 	C:\WINDOWS\system32\WS2_32.dll
0x00007ffbd1860000 - 0x00007ffbd1868000 	C:\WINDOWS\system32\NSI.dll
0x00007ffbcd720000 - 0x00007ffbcd743000 	C:\WINDOWS\SYSTEM32\WINMM.dll
0x00007ffbcd6f0000 - 0x00007ffbcd71c000 	C:\WINDOWS\SYSTEM32\WINMMBASE.dll
0x00007ffbcf880000 - 0x00007ffbcf8c4000 	C:\WINDOWS\system32\cfgmgr32.dll
0x00007ffbcda70000 - 0x00007ffbcda97000 	C:\WINDOWS\SYSTEM32\DEVOBJ.dll
0x000000005ff30000 - 0x000000005ff3f000 	C:\Program Files\Java\jdk1.7.0_79\jre\bin\verify.dll
0x000000005ff00000 - 0x000000005ff28000 	C:\Program Files\Java\jdk1.7.0_79\jre\bin\java.dll
0x000000005fee0000 - 0x000000005fef5000 	C:\Program Files\Java\jdk1.7.0_79\jre\bin\zip.dll
0x000000005fe00000 - 0x000000005fed2000 	C:\Program Files\Java\jdk1.7.0_79\bin\msvcr100.dll
0x000000005fdf0000 - 0x000000005fdff000 	C:\Program Files\Java\jdk1.7.0_79\jre\bin\prism-d3d.dll
0x00007ffb9cc30000 - 0x00007ffb9ce40000 	C:\WINDOWS\system32\d3d9.dll
0x00007ffbcccf0000 - 0x00007ffbccd12000 	C:\WINDOWS\SYSTEM32\dwmapi.dll
0x00007ffbd1940000 - 0x00007ffbd1bbc000 	C:\WINDOWS\system32\combase.dll
0x00007ffbcd9d0000 - 0x00007ffbcda66000 	C:\WINDOWS\system32\uxtheme.dll
0x00007ffb951d0000 - 0x00007ffb974b3000 	C:\WINDOWS\SYSTEM32\igdumdim64.dll
0x00007ffbd1bc0000 - 0x00007ffbd1d85000 	C:\WINDOWS\system32\SETUPAPI.dll
0x00007ffbcfda0000 - 0x00007ffbcfe5e000 	C:\WINDOWS\system32\OLEAUT32.dll
0x00007ffbd2490000 - 0x00007ffbd25d1000 	C:\WINDOWS\system32\ole32.dll
0x000000005fda0000 - 0x000000005fde1000 	C:\Program Files\Java\jre1.8.0_51\bin\glass.dll
0x00007ffbd1d90000 - 0x00007ffbd1e67000 	C:\WINDOWS\system32\COMDLG32.dll
0x00007ffbcf8d0000 - 0x00007ffbcf983000 	C:\WINDOWS\system32\shcore.dll
0x00007ffbd18e0000 - 0x00007ffbd1931000 	C:\WINDOWS\system32\SHLWAPI.dll
0x00007ffbd0180000 - 0x00007ffbd16a2000 	C:\WINDOWS\system32\SHELL32.dll
0x00007ffbcf1a0000 - 0x00007ffbcf7c8000 	C:\WINDOWS\system32\windows.storage.dll
0x00007ffbcf190000 - 0x00007ffbcf19f000 	C:\WINDOWS\system32\kernel.appcore.dll
0x00007ffbcf120000 - 0x00007ffbcf16a000 	C:\WINDOWS\system32\powrprof.dll
0x00007ffbcf100000 - 0x00007ffbcf113000 	C:\WINDOWS\system32\profapi.dll
0x00007ffbc10d0000 - 0x00007ffbc125a000 	C:\WINDOWS\SYSTEM32\dbghelp.dll

VM Arguments:
jvm_args: -Dfile.encoding=Cp1252 
java_command: main.Igps_guiSimulator
Launcher Type: SUN_STANDARD

Environment Variables:
JAVA_HOME=C:\Program Files\Java\jdk1.7.0_79\
PATH=C:/Program Files/Java/jre1.8.0_51/bin/server;C:/Program Files/Java/jre1.8.0_51/bin;C:/Program Files/Java/jre1.8.0_51/lib/amd64;C:\ProgramData\Oracle\Java\javapath;C:\Program Files (x86)\Intel\iCLS Client\;C:\Program Files\Intel\iCLS Client\;C:\WINDOWS\system32;C:\WINDOWS;C:\WINDOWS\System32\Wbem;C:\WINDOWS\System32\WindowsPowerShell\v1.0\;C:\Program Files\Intel\Intel(R) Management Engine Components\DAL;C:\Program Files (x86)\Intel\Intel(R) Management Engine Components\DAL;C:\Program Files\Intel\Intel(R) Management Engine Components\IPT;C:\Program Files (x86)\Intel\Intel(R) Management Engine Components\IPT;c:\Program Files (x86)\ATI Technologies\ATI.ACE\Core-Static;C:\Program Files\Intel\WiFi\bin\;C:\Program Files\Common Files\Intel\WirelessCommon\;C:\Program Files (x86)\Skype\Phone\;C:\Program Files\Java\jdk1.7.0_79\bin;4.94066E-324RADLE_HOME\bin;C:\Program Files (x86)\MySQL\MySQL Fabric 1.5 & MySQL Utilities 1.5\;C:\Program Files (x86)\MySQL\MySQL Fabric 1.5 & MySQL Utilities 1.5\Doctrine extensions for PHP\;D:\Software\extracted\eclipse-Mars;
USERNAME=sameer
OS=Windows_NT
PROCESSOR_IDENTIFIER=Intel64 Family 6 Model 61 Stepping 4, GenuineIntel



---------------  S Y S T E M  ---------------

OS: Windows 8.1 , 64 bit Build 9600 

CPU:total 4 (2 cores per cpu, 2 threads per core) family 6 model 61 stepping 4, cmov, cx8, fxsr, mmx, sse, sse2, sse3, ssse3, sse4.1, sse4.2, popcnt, avx, avx2, aes, erms, ht, tsc, tscinvbit

Memory: 4k page, physical 16686780k(10680964k free), swap 19177148k(11417412k free)

vm_info: Java HotSpot(TM) 64-Bit Server VM (24.79-b02) for windows-amd64 JRE (1.7.0_79-b15), built on Apr 10 2015 12:36:16 by "java_re" with unknown MS VC++:1600

time: Fri Jan 01 20:18:01 2016
elapsed time: 0 seconds

